<?xml version="1.0" encoding="UTF-8"?>
<!-- Generated by org.testng.reporters.JUnitXMLReporter -->
<testsuite ignored="1" hostname="Mac-Pro.local" failures="1" tests="5" name="Personal Loan" time="0.105" errors="0" timestamp="2019-10-20T23:15:18 CEST">
  <testcase classname="test.day1" name="demo" time="0.024">
    <failure type="java.lang.AssertionError" message="did not expect to find [true] but found [false]">
      <![CDATA[java.lang.AssertionError: did not expect to find [true] but found [false]
at test.day1.demo(day1.java:13)
at java.base/java.util.ArrayList.forEach(ArrayList.java:1540)
... Removed 31 stack frames]]>
    </failure>
  </testcase> <!-- demo -->
  <testcase classname="test.day2" name="ploan" time="0.006"/>
  <testcase classname="test.day4" name="loginApiHomeloan" time="0.003"/>
  <testcase classname="test.day4" name="mobileLoginHomeloan" time="0.008"/>
  <testcase classname="test.day4" name="webloginHomeloan" time="0.002"/>
  <testcase classname="test.day1" name="secound" time="0.0">
    <ignored/>
  </testcase> <!-- secound -->
</testsuite> <!-- Personal Loan -->
